<?xml version="1.0" encoding="UTF-8"?>
<!-- Generated by org.testng.reporters.JUnitXMLReporter -->
<testsuite ignored="6" hostname="Denizs-MBP-2.fios-router.home" failures="6" tests="26" name="All Functionalities" time="318.763" errors="0" timestamp="2022-06-11T15:42:00 EDT">
  <testcase classname="scripts._01_AppleTest" name="testAppleURL" time="0.515"/>
  <testcase classname="scripts._03_EtsyTest" name="testMainHeader" time="1.182">
    <failure type="java.lang.AssertionError" message="The expected text IS NOT displayed expected [Shop Home Sales!] but found [Father&amp;apos;s Day Gifts]">
      <![CDATA[java.lang.AssertionError: The expected text IS NOT displayed expected [Shop Home Sales!] but found [Father's Day Gifts]
at scripts._03_EtsyTest.testMainHeader(_03_EtsyTest.java:97)
at java.base/java.util.ArrayList.forEach(ArrayList.java:1511)
... Removed 32 stack frames]]>
    </failure>
  </testcase> <!-- testMainHeader -->
  <testcase classname="scripts._04_GoogleSearchTest" name="testGoogleStoreLink" time="1.323"/>
  <testcase classname="scripts._05_CheckBoxTest" name="testCheckBoxInHeroApp" time="8.847"/>
  <testcase classname="scripts._06_RadioButtonTest" name="testFacebookGenderRadioButtons" time="8.772"/>
  <testcase classname="scripts._07_DropdownTest" name="testUnsecurePasswordErrorMessage" time="4.725"/>
  <testcase classname="scripts._07_DropdownTest" name="testExpediaDropdowns" time="32.27">
    <failure type="org.openqa.selenium.StaleElementReferenceException" message="stale element reference: element is not attached to the page document
  (Session info: chrome=102.0.5005.61)
For documentation on this error, please visit: https://www.seleniumhq.org/exceptions/stale_element_reference.html
Build info: version: &amp;apos;3.141.59&amp;apos;, revision: &amp;apos;e82be7d358&amp;apos;, time: &amp;apos;2018-11-14T08:17:03&amp;apos;
System info: host: &amp;apos;Denizs-MBP-2.fios-router.home&amp;apos;, ip: &amp;apos;fe80:0:0:0:47e:62e6:2ad6:a696%en0&amp;apos;, os.name: &amp;apos;Mac OS X&amp;apos;, os.arch: &amp;apos;aarch64&amp;apos;, os.version: &amp;apos;12.4&amp;apos;, java.version: &amp;apos;18.0.1&amp;apos;
Driver info: org.openqa.selenium.chrome.ChromeDriver
Capabilities {acceptInsecureCerts: false, browserName: chrome, browserVersion: 102.0.5005.61, chrome: {chromedriverVersion: 102.0.5005.61 (0e59bcc00cc4..., userDataDir: /var/folders/bl/w8ldhy3j0tx...}, goog:chromeOptions: {debuggerAddress: localhost:64913}, javascriptEnabled: true, networkConnectionEnabled: false, pageLoadStrategy: normal, platform: MAC, platformName: MAC, proxy: Proxy(), setWindowRect: true, strictFileInteractability: false, timeouts: {implicit: 0, pageLoad: 300000, script: 30000}, unhandledPromptBehavior: dismiss and notify, webauthn:extension:credBlob: true, webauthn:extension:largeBlob: true, webauthn:virtualAuthenticators: true}
Session ID: 8e9d8ebdc0e47d8900e409b4bc2bec3b">
      <![CDATA[org.openqa.selenium.StaleElementReferenceException: stale element reference: element is not attached to the page document
  (Session info: chrome=102.0.5005.61)
For documentation on this error, please visit: https://www.seleniumhq.org/exceptions/stale_element_reference.html
Build info: version: '3.141.59', revision: 'e82be7d358', time: '2018-11-14T08:17:03'
System info: host: 'Denizs-MBP-2.fios-router.home', ip: 'fe80:0:0:0:47e:62e6:2ad6:a696%en0', os.name: 'Mac OS X', os.arch: 'aarch64', os.version: '12.4', java.version: '18.0.1'
Driver info: org.openqa.selenium.chrome.ChromeDriver
Capabilities {acceptInsecureCerts: false, browserName: chrome, browserVersion: 102.0.5005.61, chrome: {chromedriverVersion: 102.0.5005.61 (0e59bcc00cc4..., userDataDir: /var/folders/bl/w8ldhy3j0tx...}, goog:chromeOptions: {debuggerAddress: localhost:64913}, javascriptEnabled: true, networkConnectionEnabled: false, pageLoadStrategy: normal, platform: MAC, platformName: MAC, proxy: Proxy(), setWindowRect: true, strictFileInteractability: false, timeouts: {implicit: 0, pageLoad: 300000, script: 30000}, unhandledPromptBehavior: dismiss and notify, webauthn:extension:credBlob: true, webauthn:extension:largeBlob: true, webauthn:virtualAuthenticators: true}
Session ID: 8e9d8ebdc0e47d8900e409b4bc2bec3b
at org.openqa.selenium.remote.http.W3CHttpResponseCodec.createException(W3CHttpResponseCodec.java:187)
at org.openqa.selenium.remote.http.W3CHttpResponseCodec.decode(W3CHttpResponseCodec.java:122)
at org.openqa.selenium.remote.http.W3CHttpResponseCodec.decode(W3CHttpResponseCodec.java:49)
at org.openqa.selenium.remote.HttpCommandExecutor.execute(HttpCommandExecutor.java:158)
at org.openqa.selenium.remote.service.DriverCommandExecutor.execute(DriverCommandExecutor.java:83)
at org.openqa.selenium.remote.RemoteWebDriver.execute(RemoteWebDriver.java:552)
at org.openqa.selenium.remote.RemoteWebElement.execute(RemoteWebElement.java:285)
at org.openqa.selenium.remote.RemoteWebElement.click(RemoteWebElement.java:84)
at org.openqa.selenium.support.pagefactory.internal.LocatingElementHandler.invoke(LocatingElementHandler.java:51)
at jdk.proxy2/jdk.proxy2.$Proxy9.click(Unknown Source)
at scripts._07_DropdownTest.testExpediaDropdowns(_07_DropdownTest.java:79)
at java.base/java.util.ArrayList.forEach(ArrayList.java:1511)
... Removed 33 stack frames]]>
    </failure>
  </testcase> <!-- testExpediaDropdowns -->
  <testcase classname="scripts._07_DropdownTest" name="testEbayDropdown" time="2.392"/>
  <testcase classname="scripts._08_Alerts" name="testEtsySignInModal" time="1.736">
    <failure type="java.lang.AssertionError" message="expected [Sign in] but found [Sign in to continue]">
      <![CDATA[java.lang.AssertionError: expected [Sign in] but found [Sign in to continue]
at scripts._08_Alerts.testEtsySignInModal(_08_Alerts.java:26)
at java.base/java.util.ArrayList.forEach(ArrayList.java:1511)
... Removed 33 stack frames]]>
    </failure>
  </testcase> <!-- testEtsySignInModal -->
  <testcase classname="scripts._08_Alerts" name="testInformationWarningAlert" time="0.626"/>
  <testcase classname="scripts._08_Alerts" name="testConfirmationAlert" time="15.724"/>
  <testcase classname="scripts._08_Alerts" name="testPromptAlert" time="0.943"/>
  <testcase classname="scripts._08_Alerts" name="testAmazonAddressModal" time="9.893">
    <failure type="java.lang.AssertionError" message="expected [true] but found [false]">
      <![CDATA[java.lang.AssertionError: expected [true] but found [false]
at scripts._08_Alerts.testAmazonAddressModal(_08_Alerts.java:148)
at java.base/java.util.ArrayList.forEach(ArrayList.java:1511)
... Removed 32 stack frames]]>
    </failure>
  </testcase> <!-- testAmazonAddressModal -->
  <testcase classname="scripts._09_IFrames" name="testIFrame1" time="9.107"/>
  <testcase classname="scripts._09_IFrames" name="testIFrame2" time="2.11"/>
  <testcase classname="scripts._10_WindowHandles" name="testTechGlobalSchoolFaceBookIcon" time="2.998"/>
  <testcase classname="scripts._10_WindowHandles" name="testWindowHandle2" time="60.687">
    <failure type="org.openqa.selenium.NoSuchElementException" message="no such element: Unable to locate element: {&amp;quot;method&amp;quot;:&amp;quot;css selector&amp;quot;,&amp;quot;selector&amp;quot;:&amp;quot;#content h3&amp;quot;}
  (Session info: chrome=102.0.5005.61)
For documentation on this error, please visit: https://www.seleniumhq.org/exceptions/no_such_element.html
Build info: version: &amp;apos;3.141.59&amp;apos;, revision: &amp;apos;e82be7d358&amp;apos;, time: &amp;apos;2018-11-14T08:17:03&amp;apos;
System info: host: &amp;apos;Denizs-MBP-2.fios-router.home&amp;apos;, ip: &amp;apos;fe80:0:0:0:47e:62e6:2ad6:a696%en0&amp;apos;, os.name: &amp;apos;Mac OS X&amp;apos;, os.arch: &amp;apos;aarch64&amp;apos;, os.version: &amp;apos;12.4&amp;apos;, java.version: &amp;apos;18.0.1&amp;apos;
Driver info: org.openqa.selenium.chrome.ChromeDriver
Capabilities {acceptInsecureCerts: false, browserName: chrome, browserVersion: 102.0.5005.61, chrome: {chromedriverVersion: 102.0.5005.61 (0e59bcc00cc4..., userDataDir: /var/folders/bl/w8ldhy3j0tx...}, goog:chromeOptions: {debuggerAddress: localhost:49770}, javascriptEnabled: true, networkConnectionEnabled: false, pageLoadStrategy: normal, platform: MAC, platformName: MAC, proxy: Proxy(), setWindowRect: true, strictFileInteractability: false, timeouts: {implicit: 0, pageLoad: 300000, script: 30000}, unhandledPromptBehavior: dismiss and notify, webauthn:extension:credBlob: true, webauthn:extension:largeBlob: true, webauthn:virtualAuthenticators: true}
Session ID: db36aec95acdc48c110e422215e5e37b
*** Element info: {Using=css selector, value=#content h3}">
      <![CDATA[org.openqa.selenium.NoSuchElementException: no such element: Unable to locate element: {"method":"css selector","selector":"#content h3"}
  (Session info: chrome=102.0.5005.61)
For documentation on this error, please visit: https://www.seleniumhq.org/exceptions/no_such_element.html
Build info: version: '3.141.59', revision: 'e82be7d358', time: '2018-11-14T08:17:03'
System info: host: 'Denizs-MBP-2.fios-router.home', ip: 'fe80:0:0:0:47e:62e6:2ad6:a696%en0', os.name: 'Mac OS X', os.arch: 'aarch64', os.version: '12.4', java.version: '18.0.1'
Driver info: org.openqa.selenium.chrome.ChromeDriver
Capabilities {acceptInsecureCerts: false, browserName: chrome, browserVersion: 102.0.5005.61, chrome: {chromedriverVersion: 102.0.5005.61 (0e59bcc00cc4..., userDataDir: /var/folders/bl/w8ldhy3j0tx...}, goog:chromeOptions: {debuggerAddress: localhost:49770}, javascriptEnabled: true, networkConnectionEnabled: false, pageLoadStrategy: normal, platform: MAC, platformName: MAC, proxy: Proxy(), setWindowRect: true, strictFileInteractability: false, timeouts: {implicit: 0, pageLoad: 300000, script: 30000}, unhandledPromptBehavior: dismiss and notify, webauthn:extension:credBlob: true, webauthn:extension:largeBlob: true, webauthn:virtualAuthenticators: true}
Session ID: db36aec95acdc48c110e422215e5e37b
*** Element info: {Using=css selector, value=#content h3}
at org.openqa.selenium.remote.http.W3CHttpResponseCodec.createException(W3CHttpResponseCodec.java:187)
at org.openqa.selenium.remote.http.W3CHttpResponseCodec.decode(W3CHttpResponseCodec.java:122)
at org.openqa.selenium.remote.http.W3CHttpResponseCodec.decode(W3CHttpResponseCodec.java:49)
at org.openqa.selenium.remote.HttpCommandExecutor.execute(HttpCommandExecutor.java:158)
at org.openqa.selenium.remote.service.DriverCommandExecutor.execute(DriverCommandExecutor.java:83)
at org.openqa.selenium.remote.RemoteWebDriver.execute(RemoteWebDriver.java:552)
at org.openqa.selenium.remote.RemoteWebDriver.findElement(RemoteWebDriver.java:323)
at org.openqa.selenium.remote.RemoteWebDriver.findElementByCssSelector(RemoteWebDriver.java:420)
at org.openqa.selenium.By$ByCssSelector.findElement(By.java:431)
at org.openqa.selenium.remote.RemoteWebDriver.findElement(RemoteWebDriver.java:315)
at org.openqa.selenium.support.pagefactory.DefaultElementLocator.findElement(DefaultElementLocator.java:69)
at org.openqa.selenium.support.pagefactory.internal.LocatingElementHandler.invoke(LocatingElementHandler.java:38)
at jdk.proxy2/jdk.proxy2.$Proxy9.getText(Unknown Source)
at scripts._10_WindowHandles.testWindowHandle2(_10_WindowHandles.java:58)
at java.base/java.util.ArrayList.forEach(ArrayList.java:1511)
... Removed 31 stack frames]]>
    </failure>
  </testcase> <!-- testWindowHandle2 -->
  <testcase classname="scripts._11_FileUpload" name="testFileUpload1" time="14.701"/>
  <testcase classname="scripts._11_FileUpload" name="testFileDownload" time="0.003">
    <failure type="org.openqa.selenium.InvalidArgumentException" message="invalid argument
  (Session info: chrome=102.0.5005.61)
Build info: version: &amp;apos;3.141.59&amp;apos;, revision: &amp;apos;e82be7d358&amp;apos;, time: &amp;apos;2018-11-14T08:17:03&amp;apos;
System info: host: &amp;apos;Denizs-MBP-2.fios-router.home&amp;apos;, ip: &amp;apos;fe80:0:0:0:47e:62e6:2ad6:a696%en0&amp;apos;, os.name: &amp;apos;Mac OS X&amp;apos;, os.arch: &amp;apos;aarch64&amp;apos;, os.version: &amp;apos;12.4&amp;apos;, java.version: &amp;apos;18.0.1&amp;apos;
Driver info: org.openqa.selenium.chrome.ChromeDriver
Capabilities {acceptInsecureCerts: false, browserName: chrome, browserVersion: 102.0.5005.61, chrome: {chromedriverVersion: 102.0.5005.61 (0e59bcc00cc4..., userDataDir: /var/folders/bl/w8ldhy3j0tx...}, goog:chromeOptions: {debuggerAddress: localhost:50145}, javascriptEnabled: true, networkConnectionEnabled: false, pageLoadStrategy: normal, platform: MAC, platformName: MAC, proxy: Proxy(), setWindowRect: true, strictFileInteractability: false, timeouts: {implicit: 0, pageLoad: 300000, script: 30000}, unhandledPromptBehavior: dismiss and notify, webauthn:extension:credBlob: true, webauthn:extension:largeBlob: true, webauthn:virtualAuthenticators: true}
Session ID: cd316e1e45e572f8934f9bd92ad88d38">
      <![CDATA[org.openqa.selenium.InvalidArgumentException: invalid argument
  (Session info: chrome=102.0.5005.61)
Build info: version: '3.141.59', revision: 'e82be7d358', time: '2018-11-14T08:17:03'
System info: host: 'Denizs-MBP-2.fios-router.home', ip: 'fe80:0:0:0:47e:62e6:2ad6:a696%en0', os.name: 'Mac OS X', os.arch: 'aarch64', os.version: '12.4', java.version: '18.0.1'
Driver info: org.openqa.selenium.chrome.ChromeDriver
Capabilities {acceptInsecureCerts: false, browserName: chrome, browserVersion: 102.0.5005.61, chrome: {chromedriverVersion: 102.0.5005.61 (0e59bcc00cc4..., userDataDir: /var/folders/bl/w8ldhy3j0tx...}, goog:chromeOptions: {debuggerAddress: localhost:50145}, javascriptEnabled: true, networkConnectionEnabled: false, pageLoadStrategy: normal, platform: MAC, platformName: MAC, proxy: Proxy(), setWindowRect: true, strictFileInteractability: false, timeouts: {implicit: 0, pageLoad: 300000, script: 30000}, unhandledPromptBehavior: dismiss and notify, webauthn:extension:credBlob: true, webauthn:extension:largeBlob: true, webauthn:virtualAuthenticators: true}
Session ID: cd316e1e45e572f8934f9bd92ad88d38
at org.openqa.selenium.remote.http.W3CHttpResponseCodec.createException(W3CHttpResponseCodec.java:187)
at org.openqa.selenium.remote.http.W3CHttpResponseCodec.decode(W3CHttpResponseCodec.java:122)
at org.openqa.selenium.remote.http.W3CHttpResponseCodec.decode(W3CHttpResponseCodec.java:49)
at org.openqa.selenium.remote.HttpCommandExecutor.execute(HttpCommandExecutor.java:158)
at org.openqa.selenium.remote.service.DriverCommandExecutor.execute(DriverCommandExecutor.java:83)
at org.openqa.selenium.remote.RemoteWebDriver.execute(RemoteWebDriver.java:552)
at org.openqa.selenium.remote.RemoteWebDriver.get(RemoteWebDriver.java:277)
at scripts._11_FileUpload.testFileDownload(_11_FileUpload.java:34)
at java.base/java.util.ArrayList.forEach(ArrayList.java:1511)
... Removed 31 stack frames]]>
    </failure>
  </testcase> <!-- testFileDownload -->
  <testcase classname="scripts._12_Actions_Class" name="moveToElementPractice1" time="5.032"/>
  <testcase classname="scripts._12_Actions_Class" name="moveToElementPractice2" time="7.293"/>
  <testcase classname="scripts._12_Actions_Class" name="clickOnElementPractice" time="2.759"/>
  <testcase classname="scripts._12_Actions_Class" name="rightClickPractice" time="2.67"/>
  <testcase classname="scripts._12_Actions_Class" name="clickHoldAndReleasePractice" time="7.703"/>
  <testcase classname="scripts._12_Actions_Class" name="sendKeysToAnElement" time="0.62"/>
  <testcase classname="scripts._12_Actions_Class" name="practiceKeyDownAndKeyUp" time="8.728"/>
  <testcase classname="scripts._04_GoogleSearchTest" name="testGoogleSearch" time="0.0">
    <ignored/>
  </testcase> <!-- testGoogleSearch -->
  <testcase classname="scripts._03_EtsyTest" name="testEtsySearchResult" time="0.0">
    <ignored/>
  </testcase> <!-- testEtsySearchResult -->
  <testcase classname="scripts._01_AppleTest" name="testAppleTitle" time="0.0">
    <ignored/>
  </testcase> <!-- testAppleTitle -->
  <testcase classname="scripts._03_EtsyTest" name="testEtsySearch" time="0.0">
    <ignored/>
  </testcase> <!-- testEtsySearch -->
  <testcase classname="scripts._01_AppleTest" name="X" time="0.0">
    <ignored/>
  </testcase> <!-- X -->
  <testcase classname="scripts._03_EtsyTest" name="testEtsyLogo" time="0.0">
    <ignored/>
  </testcase> <!-- testEtsyLogo -->
</testsuite> <!-- All Functionalities -->
